{
  "RSpec": {
    "coverage": {
      "/home/prabu/personal/country_app/app/helpers/application_helper.rb": [
        1,
        null,
        1,
        0,
        null,
        0,
        null,
        0,
        null,
        0,
        null,
        0,
        null,
        0,
        null,
        null,
        null
      ],
      "/home/prabu/personal/country_app/app/controllers/countries_controller.rb": [
        1,
        null,
        1,
        1,
        1,
        null,
        1,
        0,
        0,
        null,
        null,
        1,
        0,
        0,
        0,
        0,
        0,
        0,
        null,
        0,
        0,
        null,
        null,
        null,
        1,
        null,
        1,
        0,
        null,
        null
      ],
      "/home/prabu/personal/country_app/app/controllers/home_controller.rb": [
        1,
        1,
        null,
        1,
        0,
        null,
        null,
        null
      ],
      "/home/prabu/personal/country_app/app/models/city.rb": [
        1,
        1,
        null,
        null
      ],
      "/home/prabu/personal/country_app/app/models/application_record.rb": [
        1,
        1,
        null
      ],
      "/home/prabu/personal/country_app/app/models/country.rb": [
        1,
        1,
        1,
        null,
        1,
        null,
        1,
        2,
        6,
        2,
        2,
        40,
        40,
        40,
        40,
        40,
        null,
        null,
        null,
        null,
        1,
        1,
        1,
        1,
        1,
        null,
        null
      ],
      "/home/prabu/personal/country_app/app/jobs/application_job.rb": [
        0,
        null,
        null,
        null,
        null,
        null,
        0
      ],
      "/home/prabu/personal/country_app/app/channels/application_cable/connection.rb": [
        0,
        0,
        0,
        0
      ],
      "/home/prabu/personal/country_app/app/channels/application_cable/channel.rb": [
        0,
        0,
        0,
        0
      ],
      "/home/prabu/personal/country_app/app/controllers/application_controller.rb": [
        0,
        0
      ],
      "/home/prabu/personal/country_app/app/mailers/application_mailer.rb": [
        0,
        0,
        0,
        0
      ]
    },
    "timestamp": 1577700423
  }
}
